  main.cpp
d:\profiles\njp2424\desktop\physics\level7\physics-sphere-plane-3d-dynamic-accurate-mastervs2019\sphereplaneaccurate3ddynamic\main.cpp(239): warning C4244: '=': conversion from 'double' to 'T', possible loss of data
          with
          [
              T=float
          ]
d:\profiles\njp2424\desktop\physics\level7\physics-sphere-plane-3d-dynamic-accurate-mastervs2019\sphereplaneaccurate3ddynamic\main.cpp(240): warning C4244: '=': conversion from 'double' to 'T', possible loss of data
          with
          [
              T=float
          ]
d:\profiles\njp2424\desktop\physics\level7\physics-sphere-plane-3d-dynamic-accurate-mastervs2019\sphereplaneaccurate3ddynamic\main.cpp(241): warning C4244: '=': conversion from 'double' to 'T', possible loss of data
          with
          [
              T=float
          ]
d:\profiles\njp2424\desktop\physics\level7\physics-sphere-plane-3d-dynamic-accurate-mastervs2019\sphereplaneaccurate3ddynamic\main.cpp(247): warning C4244: '=': conversion from 'double' to 'T', possible loss of data
          with
          [
              T=float
          ]
d:\profiles\njp2424\desktop\physics\level7\physics-sphere-plane-3d-dynamic-accurate-mastervs2019\sphereplaneaccurate3ddynamic\main.cpp(248): warning C4244: '=': conversion from 'double' to 'T', possible loss of data
          with
          [
              T=float
          ]
d:\profiles\njp2424\desktop\physics\level7\physics-sphere-plane-3d-dynamic-accurate-mastervs2019\sphereplaneaccurate3ddynamic\main.cpp(249): warning C4244: '=': conversion from 'double' to 'T', possible loss of data
          with
          [
              T=float
          ]
d:\profiles\njp2424\desktop\physics\level7\physics-sphere-plane-3d-dynamic-accurate-mastervs2019\sphereplaneaccurate3ddynamic\main.cpp(255): warning C4244: '=': conversion from 'double' to 'T', possible loss of data
          with
          [
              T=float
          ]
d:\profiles\njp2424\desktop\physics\level7\physics-sphere-plane-3d-dynamic-accurate-mastervs2019\sphereplaneaccurate3ddynamic\main.cpp(256): warning C4244: '=': conversion from 'double' to 'T', possible loss of data
          with
          [
              T=float
          ]
d:\profiles\njp2424\desktop\physics\level7\physics-sphere-plane-3d-dynamic-accurate-mastervs2019\sphereplaneaccurate3ddynamic\main.cpp(257): warning C4244: '=': conversion from 'double' to 'T', possible loss of data
          with
          [
              T=float
          ]
d:\profiles\njp2424\desktop\physics\level7\physics-sphere-plane-3d-dynamic-accurate-mastervs2019\sphereplaneaccurate3ddynamic\main.cpp(263): warning C4244: '=': conversion from 'double' to 'T', possible loss of data
          with
          [
              T=float
          ]
d:\profiles\njp2424\desktop\physics\level7\physics-sphere-plane-3d-dynamic-accurate-mastervs2019\sphereplaneaccurate3ddynamic\main.cpp(264): warning C4244: '=': conversion from 'double' to 'T', possible loss of data
          with
          [
              T=float
          ]
d:\profiles\njp2424\desktop\physics\level7\physics-sphere-plane-3d-dynamic-accurate-mastervs2019\sphereplaneaccurate3ddynamic\main.cpp(265): warning C4244: '=': conversion from 'double' to 'T', possible loss of data
          with
          [
              T=float
          ]
d:\profiles\njp2424\desktop\physics\level7\physics-sphere-plane-3d-dynamic-accurate-mastervs2019\sphereplaneaccurate3ddynamic\main.cpp(524): warning C4244: 'argument': conversion from 'double' to 'GLclampf', possible loss of data
d:\profiles\njp2424\desktop\physics\level7\physics-sphere-plane-3d-dynamic-accurate-mastervs2019\sphereplaneaccurate3ddynamic\main.cpp(637): warning C4326: return type of 'main' should be 'int' instead of 'void'
  SpherePlaneAccurate3DDynamic.vcxproj -> D:\Profiles\njp2424\Desktop\Physics\level7\physics-sphere-plane-3D-Dynamic-accurate-masterVS2019\SpherePlaneAccurate3DDynamic\Debug\SpherePlaneAccurate3DDynamic.exe
